SF:lib\src\models\month.dart
DA:8,2
DA:10,3
DA:14,2
DA:15,8
DA:16,6
DA:19,2
DA:20,8
DA:21,6
DA:24,2
DA:26,12
DA:29,0
DA:30,0
LF:12
LH:10
end_of_record
SF:lib\src\blocs\entry_form_bloc.dart
DA:6,1
DA:7,2
DA:11,2
DA:13,0
DA:17,0
LF:5
LH:3
end_of_record
SF:lib\src\models\account.g.dart
DA:27,2
DA:29,2
DA:31,0
DA:33,0
DA:35,0
DA:38,0
DA:59,0
DA:62,0
DA:64,2
DA:67,2
DA:76,0
DA:79,0
DA:81,0
DA:83,0
DA:86,0
DA:88,0
DA:89,0
DA:96,2
DA:99,2
DA:101,2
DA:102,2
DA:103,2
DA:104,2
DA:105,2
DA:107,2
DA:108,4
DA:111,2
DA:112,4
DA:115,2
DA:116,4
DA:122,2
DA:134,0
DA:135,0
DA:137,4
DA:138,2
DA:139,0
DA:141,2
DA:142,0
DA:146,0
DA:148,0
DA:150,0
DA:151,0
DA:153,0
DA:156,0
DA:157,0
DA:158,0
DA:159,0
DA:162,0
DA:164,0
DA:167,0
DA:169,0
DA:170,0
DA:171,0
DA:172,0
DA:173,0
DA:181,6
DA:182,6
DA:185,6
DA:186,6
DA:189,6
DA:190,6
DA:192,2
DA:194,2
DA:195,2
DA:196,0
DA:197,0
DA:198,0
DA:199,0
DA:204,2
DA:207,0
DA:209,2
DA:212,0
DA:214,0
DA:217,2
DA:219,10
DA:220,2
LF:76
LH:35
end_of_record
SF:lib\src\models\account.dart
DA:8,6
DA:14,6
DA:16,0
DA:17,4
DA:27,2
DA:30,6
LF:6
LH:5
end_of_record
SF:lib\src\models\category.g.dart
DA:30,0
DA:33,0
DA:35,0
DA:41,3
DA:44,3
DA:46,3
DA:47,3
DA:48,3
DA:49,3
DA:50,3
DA:52,3
DA:53,6
DA:59,3
DA:67,0
DA:68,0
DA:70,6
DA:71,3
DA:72,0
DA:76,0
DA:78,0
DA:80,0
DA:81,0
DA:83,0
DA:86,0
DA:89,0
DA:91,0
DA:94,0
DA:96,0
DA:97,0
DA:104,3
DA:106,3
DA:107,3
DA:110,3
DA:112,3
DA:113,3
DA:116,6
DA:118,3
DA:119,3
DA:120,0
DA:121,0
DA:126,3
DA:129,0
DA:131,3
DA:134,0
DA:136,0
DA:139,3
DA:141,9
DA:142,3
LF:48
LH:26
end_of_record
SF:lib\src\models\category.dart
DA:10,3
DA:13,6
DA:21,3
LF:3
LH:3
end_of_record
SF:lib\src\models\entry.dart
DA:13,0
DA:20,4
DA:22,0
DA:23,4
DA:35,1
DA:36,1
DA:37,3
DA:39,6
DA:41,4
DA:43,0
DA:46,2
DA:47,2
DA:48,6
DA:49,2
DA:50,4
DA:51,4
DA:52,4
DA:53,4
DA:55,4
DA:57,2
DA:58,2
DA:59,2
DA:60,2
DA:61,2
DA:63,2
DA:64,2
DA:65,4
DA:68,0
LF:28
LH:24
end_of_record
SF:lib\src\models\entry.g.dart
DA:27,2
DA:29,2
DA:31,2
DA:33,2
DA:35,2
DA:38,0
DA:58,0
DA:61,0
DA:63,0
DA:66,0
LF:10
LH:5
end_of_record
SF:lib\src\widgets\navigation_bar.dart
DA:8,1
DA:10,1
DA:11,1
DA:23,1
DA:24,2
DA:25,2
DA:26,2
DA:27,1
DA:31,1
DA:32,2
DA:33,2
DA:34,2
DA:35,1
DA:39,1
DA:41,2
DA:42,2
DA:43,1
DA:44,1
DA:46,1
DA:47,1
DA:48,2
DA:50,1
DA:52,1
DA:53,1
DA:54,1
DA:55,2
DA:56,1
DA:60,1
DA:61,2
DA:63,1
LF:30
LH:30
end_of_record
SF:lib\src\blocs\entries_mixin.dart
DA:7,2
DA:8,2
DA:10,2
DA:11,3
DA:12,1
DA:13,3
DA:17,1
DA:18,2
LF:8
LH:8
end_of_record
SF:lib\src\blocs\monthly_expenses_bloc.dart
DA:13,0
DA:16,0
DA:20,0
DA:24,1
DA:25,2
DA:26,2
DA:27,2
DA:28,1
DA:30,5
DA:32,3
DA:35,1
DA:36,1
DA:37,3
DA:38,4
DA:40,1
DA:41,1
DA:42,1
DA:43,1
DA:44,1
DA:45,1
DA:46,0
DA:48,0
DA:50,0
DA:52,0
DA:56,0
DA:57,0
DA:59,0
DA:60,0
DA:61,0
DA:62,0
DA:66,0
DA:67,0
DA:68,0
DA:70,0
DA:77,0
DA:78,0
DA:80,0
DA:81,0
DA:82,0
DA:84,0
DA:85,0
DA:86,0
DA:87,0
DA:88,0
DA:89,0
DA:90,0
DA:98,0
DA:99,0
DA:100,0
LF:49
LH:17
end_of_record
SF:lib\src\blocs\provider.dart
DA:3,0
DA:8,1
DA:9,1
DA:11,0
DA:12,0
DA:13,0
DA:14,0
DA:17,0
LF:8
LH:2
end_of_record
SF:lib\src\screens\create_entry.dart
DA:8,0
DA:9,0
DA:10,0
DA:11,0
DA:12,0
DA:13,0
DA:15,0
DA:17,0
DA:24,0
DA:26,0
DA:27,0
DA:29,0
DA:30,0
DA:31,0
DA:32,0
DA:33,0
DA:38,0
DA:39,0
DA:40,0
DA:42,0
LF:20
LH:0
end_of_record
SF:lib\src\widgets\entry_form\entry_form.dart
DA:9,0
DA:13,0
DA:14,0
DA:15,0
DA:16,0
DA:18,0
DA:19,0
DA:20,0
DA:22,0
DA:23,0
DA:24,0
DA:25,0
DA:26,0
DA:28,0
DA:29,0
DA:30,0
DA:35,0
DA:37,0
DA:38,0
DA:39,0
DA:40,0
DA:41,0
DA:43,0
DA:47,0
DA:49,0
DA:50,0
DA:51,0
DA:52,0
DA:53,0
DA:55,0
DA:56,0
DA:61,0
DA:63,0
DA:64,0
DA:65,0
DA:66,0
DA:67,0
DA:69,0
DA:70,0
DA:77,0
DA:79,0
DA:80,0
DA:81,0
DA:82,0
DA:83,0
DA:85,0
DA:86,0
DA:93,0
DA:95,0
DA:96,0
DA:97,0
DA:98,0
DA:99,0
DA:101,0
DA:102,0
DA:109,0
DA:111,0
DA:112,0
DA:113,0
DA:114,0
DA:115,0
DA:117,0
DA:118,0
LF:63
LH:0
end_of_record
SF:lib\src\screens\monthly_expenses.dart
DA:9,0
DA:11,0
DA:13,0
DA:14,0
DA:15,0
DA:16,0
DA:17,0
DA:18,0
DA:20,0
DA:24,0
DA:25,0
DA:26,0
DA:27,0
DA:28,0
DA:29,0
DA:32,0
DA:33,0
DA:34,0
DA:35,0
DA:41,0
DA:42,0
DA:43,0
DA:44,0
DA:45,0
DA:46,0
LF:25
LH:0
end_of_record
SF:lib\src\widgets\entry_list.dart
DA:8,0
DA:10,0
DA:12,0
DA:13,0
DA:14,0
DA:15,0
DA:16,0
DA:17,0
DA:20,0
DA:28,0
DA:31,0
DA:33,0
DA:34,0
DA:35,0
DA:36,0
LF:15
LH:0
end_of_record
SF:lib\src\screens\routes.dart
DA:9,1
DA:10,1
DA:11,1
DA:12,1
DA:17,1
DA:18,1
DA:21,0
DA:22,0
DA:24,0
DA:26,0
DA:29,0
DA:31,0
LF:12
LH:6
end_of_record
SF:lib\src\widgets\entry_form\src\amount_input.dart
DA:6,0
DA:7,0
DA:14,0
DA:16,0
DA:17,0
DA:18,0
DA:19,0
DA:20,0
DA:22,0
DA:23,0
DA:24,0
DA:27,0
LF:12
LH:0
end_of_record
SF:lib\src\widgets\entry_form\src\entry_type_picker.dart
DA:6,0
DA:7,0
DA:25,0
DA:27,0
DA:28,0
DA:29,0
DA:30,0
LF:7
LH:0
end_of_record
SF:lib\src\widgets\entry_form\src\date_input.dart
DA:7,0
DA:9,0
DA:10,0
DA:11,0
DA:12,0
DA:13,0
DA:15,0
DA:16,0
DA:17,0
DA:20,0
LF:10
LH:0
end_of_record
SF:lib\src\widgets\entry_form\src\description_input.dart
DA:5,0
DA:7,0
DA:8,0
DA:10,0
DA:12,0
DA:13,0
DA:17,0
DA:18,0
LF:8
LH:0
end_of_record
SF:lib\src\widgets\entry_form\src\consolidated_input.dart
DA:5,0
DA:7,0
DA:8,0
DA:9,0
DA:11,0
DA:13,0
DA:14,0
DA:15,0
LF:8
LH:0
end_of_record
SF:lib\src\widgets\entry_tile.dart
DA:9,0
DA:11,0
DA:13,0
DA:15,0
DA:17,0
DA:18,0
DA:19,0
DA:20,0
DA:22,0
DA:23,0
DA:25,0
DA:26,0
DA:27,0
DA:28,0
DA:29,0
DA:32,0
DA:33,0
DA:34,0
DA:35,0
DA:40,0
DA:41,0
DA:42,0
DA:45,0
LF:23
LH:0
end_of_record
